Performing C++ SOURCE FILE Test WMAIN_WORKED0 failed with the following output:
Change Dir: C:/msys64/home/user/build/CMakeFiles/CMakeScratch/TryCompile-07i5hs

Run Build Command(s):C:/msys64/mingw64/bin/ninja.exe cmTC_8448c && [1/2] Building CXX object CMakeFiles/cmTC_8448c.dir/src.cxx.obj
[2/2] Linking CXX executable cmTC_8448c.exe
FAILED: cmTC_8448c.exe 
cmd.exe /C "cd . && C:\msys64\mingw64\bin\c++.exe   CMakeFiles/cmTC_8448c.dir/src.cxx.obj -o cmTC_8448c.exe -Wl,--out-implib,libcmTC_8448c.dll.a -Wl,--major-image-version,0,--minor-image-version,0  -lAdvapi32  -lkernel32 -luser32 -lgdi32 -lwinspool -lshell32 -lole32 -loleaut32 -luuid -lcomdlg32 -ladvapi32 && cd ."
C:/msys64/mingw64/bin/../lib/gcc/x86_64-w64-mingw32/12.2.0/../../../../x86_64-w64-mingw32/bin/ld.exe: C:/msys64/mingw64/bin/../lib/gcc/x86_64-w64-mingw32/12.2.0/../../../../lib/libmingw32.a(lib64_libmingw32_a-crtexewin.o): in function `main':
C:/M/mingw-w64-crt-git/src/mingw-w64/mingw-w64-crt/crt/crtexewin.c:70: undefined reference to `WinMain'
collect2.exe: error: ld returned 1 exit status
ninja: build stopped: subcommand failed.


Source file was:
#include <windows.h>
#include <string.h>
#include <stdio.h>
extern "C"
int wmain(int argc, wchar_t* argv[])
{
    size_t x = wcslen(argv[0]);
    return 0;
}


Determining if the localtime_r exist failed with the following output:
Change Dir: C:/msys64/home/user/build/CMakeFiles/CMakeScratch/TryCompile-3hrp1d

Run Build Command(s):C:/msys64/mingw64/bin/ninja.exe cmTC_0f7b4 && [1/2] Building C object CMakeFiles/cmTC_0f7b4.dir/CheckSymbolExists.c.obj
FAILED: CMakeFiles/cmTC_0f7b4.dir/CheckSymbolExists.c.obj 
C:\msys64\mingw64\bin\cc.exe    -o CMakeFiles/cmTC_0f7b4.dir/CheckSymbolExists.c.obj -c C:/msys64/home/user/build/CMakeFiles/CMakeScratch/TryCompile-3hrp1d/CheckSymbolExists.c
C:/msys64/home/user/build/CMakeFiles/CMakeScratch/TryCompile-3hrp1d/CheckSymbolExists.c: In function 'main':
C:/msys64/home/user/build/CMakeFiles/CMakeScratch/TryCompile-3hrp1d/CheckSymbolExists.c:8:19: error: 'localtime_r' undeclared (first use in this function); did you mean 'localtime_s'?
    8 |   return ((int*)(&localtime_r))[argc];
      |                   ^~~~~~~~~~~
      |                   localtime_s
C:/msys64/home/user/build/CMakeFiles/CMakeScratch/TryCompile-3hrp1d/CheckSymbolExists.c:8:19: note: each undeclared identifier is reported only once for each function it appears in
ninja: build stopped: subcommand failed.


File CheckSymbolExists.c:
/* */
#include <time.h>

int main(int argc, char** argv)
{
  (void)argv;
#ifndef localtime_r
  return ((int*)(&localtime_r))[argc];
#else
  (void)argc;
  return 0;
#endif
}

Determining if the random exist failed with the following output:
Change Dir: C:/msys64/home/user/build/CMakeFiles/CMakeScratch/TryCompile-u7kz0c

Run Build Command(s):C:/msys64/mingw64/bin/ninja.exe cmTC_c89af && [1/2] Building C object CMakeFiles/cmTC_c89af.dir/CheckSymbolExists.c.obj
FAILED: CMakeFiles/cmTC_c89af.dir/CheckSymbolExists.c.obj 
C:\msys64\mingw64\bin\cc.exe    -o CMakeFiles/cmTC_c89af.dir/CheckSymbolExists.c.obj -c C:/msys64/home/user/build/CMakeFiles/CMakeScratch/TryCompile-u7kz0c/CheckSymbolExists.c
C:/msys64/home/user/build/CMakeFiles/CMakeScratch/TryCompile-u7kz0c/CheckSymbolExists.c: In function 'main':
C:/msys64/home/user/build/CMakeFiles/CMakeScratch/TryCompile-u7kz0c/CheckSymbolExists.c:8:19: error: 'random' undeclared (first use in this function); did you mean 'rand'?
    8 |   return ((int*)(&random))[argc];
      |                   ^~~~~~
      |                   rand
C:/msys64/home/user/build/CMakeFiles/CMakeScratch/TryCompile-u7kz0c/CheckSymbolExists.c:8:19: note: each undeclared identifier is reported only once for each function it appears in
ninja: build stopped: subcommand failed.


File CheckSymbolExists.c:
/* */
#include <stdlib.h>

int main(int argc, char** argv)
{
  (void)argv;
#ifndef random
  return ((int*)(&random))[argc];
#else
  (void)argc;
  return 0;
#endif
}

Performing C SOURCE FILE Test HAVE_EXTERN_TM_GMTOFF failed with the following output:
Change Dir: C:/msys64/home/user/build/CMakeFiles/CMakeScratch/TryCompile-6mojcm

Run Build Command(s):C:/msys64/mingw64/bin/ninja.exe cmTC_659e4 && [1/2] Building C object CMakeFiles/cmTC_659e4.dir/src.c.obj
FAILED: CMakeFiles/cmTC_659e4.dir/src.c.obj 
C:\msys64\mingw64\bin\cc.exe -DHAVE_EXTERN_TM_GMTOFF   -o CMakeFiles/cmTC_659e4.dir/src.c.obj -c C:/msys64/home/user/build/CMakeFiles/CMakeScratch/TryCompile-6mojcm/src.c
C:/msys64/home/user/build/CMakeFiles/CMakeScratch/TryCompile-6mojcm/src.c: In function 'main':
C:/msys64/home/user/build/CMakeFiles/CMakeScratch/TryCompile-6mojcm/src.c:4:7: error: 'struct tm' has no member named 'tm_gmtoff'
    4 |     tm.tm_gmtoff = 1;
      |       ^
ninja: build stopped: subcommand failed.


Source file was:
#include <time.h>
int main(int argc, char* argv[]) {
    struct tm tm;
    tm.tm_gmtoff = 1;
    return 0;
}

Performing C SOURCE FILE Test LFS_WITHOUT_MACROS failed with the following output:
Change Dir: C:/msys64/home/user/build/CMakeFiles/CMakeScratch/TryCompile-lvhynq

Run Build Command(s):C:/msys64/mingw64/bin/ninja.exe cmTC_754ac && [1/2] Building C object CMakeFiles/cmTC_754ac.dir/src.c.obj
FAILED: CMakeFiles/cmTC_754ac.dir/src.c.obj 
C:\msys64\mingw64\bin\cc.exe -DLFS_WITHOUT_MACROS   -o CMakeFiles/cmTC_754ac.dir/src.c.obj -c C:/msys64/home/user/build/CMakeFiles/CMakeScratch/TryCompile-lvhynq/src.c
C:/msys64/home/user/build/CMakeFiles/CMakeScratch/TryCompile-lvhynq/src.c: In function 'main':
C:/msys64/home/user/build/CMakeFiles/CMakeScratch/TryCompile-lvhynq/src.c:4:9: error: size of array 'a' is negative
    4 |     int a[sizeof(off_t) >= 8 ? 1 : -1];
      |         ^
ninja: build stopped: subcommand failed.


Source file was:
#include <stdio.h>
#include <sys/types.h>
int main(int argc, char* argv[]) {
    int a[sizeof(off_t) >= 8 ? 1 : -1];
}

Performing C SOURCE FILE Test HAVE_MALLOC_INFO failed with the following output:
Change Dir: C:/msys64/home/user/build/CMakeFiles/CMakeScratch/TryCompile-3ka9yj

Run Build Command(s):C:/msys64/mingw64/bin/ninja.exe cmTC_69543 && [1/2] Building C object CMakeFiles/cmTC_69543.dir/src.c.obj
C:/msys64/home/user/build/CMakeFiles/CMakeScratch/TryCompile-3ka9yj/src.c: In function 'main':
C:/msys64/home/user/build/CMakeFiles/CMakeScratch/TryCompile-3ka9yj/src.c:4:5: warning: implicit declaration of function 'malloc_info' [-Wimplicit-function-declaration]
    4 |     malloc_info(0, stdout);
      |     ^~~~~~~~~~~
[2/2] Linking C executable cmTC_69543.exe
FAILED: cmTC_69543.exe 
cmd.exe /C "cd . && C:\msys64\mingw64\bin\cc.exe   CMakeFiles/cmTC_69543.dir/src.c.obj -o cmTC_69543.exe -Wl,--out-implib,libcmTC_69543.dll.a -Wl,--major-image-version,0,--minor-image-version,0  -lAdvapi32  -lkernel32 -luser32 -lgdi32 -lwinspool -lshell32 -lole32 -loleaut32 -luuid -lcomdlg32 -ladvapi32 && cd ."
C:/msys64/mingw64/bin/../lib/gcc/x86_64-w64-mingw32/12.2.0/../../../../x86_64-w64-mingw32/bin/ld.exe: CMakeFiles/cmTC_69543.dir/src.c.obj:src.c:(.text+0x2b): undefined reference to `malloc_info'
collect2.exe: error: ld returned 1 exit status
ninja: build stopped: subcommand failed.


Source file was:
#include <malloc.h>
#include <stdio.h>
int main(int argc, char* argv[]) {
    malloc_info(0, stdout);
    return 0;
}

Performing C SOURCE FILE Test HAVE_OPEN_MEMSTREAM failed with the following output:
Change Dir: C:/msys64/home/user/build/CMakeFiles/CMakeScratch/TryCompile-qxqey6

Run Build Command(s):C:/msys64/mingw64/bin/ninja.exe cmTC_ff1df && [1/2] Building C object CMakeFiles/cmTC_ff1df.dir/src.c.obj
C:/msys64/home/user/build/CMakeFiles/CMakeScratch/TryCompile-qxqey6/src.c: In function 'main':
C:/msys64/home/user/build/CMakeFiles/CMakeScratch/TryCompile-qxqey6/src.c:7:9: warning: implicit declaration of function 'open_memstream' [-Wimplicit-function-declaration]
    7 |     f = open_memstream(&buf, &size);
      |         ^~~~~~~~~~~~~~
C:/msys64/home/user/build/CMakeFiles/CMakeScratch/TryCompile-qxqey6/src.c:7:7: warning: assignment to 'FILE *' {aka 'struct _iobuf *'} from 'int' makes pointer from integer without a cast [-Wint-conversion]
    7 |     f = open_memstream(&buf, &size);
      |       ^
[2/2] Linking C executable cmTC_ff1df.exe
FAILED: cmTC_ff1df.exe 
cmd.exe /C "cd . && C:\msys64\mingw64\bin\cc.exe   CMakeFiles/cmTC_ff1df.dir/src.c.obj -o cmTC_ff1df.exe -Wl,--out-implib,libcmTC_ff1df.dll.a -Wl,--major-image-version,0,--minor-image-version,0  -lAdvapi32  -lkernel32 -luser32 -lgdi32 -lwinspool -lshell32 -lole32 -loleaut32 -luuid -lcomdlg32 -ladvapi32 && cd ."
C:/msys64/mingw64/bin/../lib/gcc/x86_64-w64-mingw32/12.2.0/../../../../x86_64-w64-mingw32/bin/ld.exe: CMakeFiles/cmTC_ff1df.dir/src.c.obj:src.c:(.text+0x20): undefined reference to `open_memstream'
collect2.exe: error: ld returned 1 exit status
ninja: build stopped: subcommand failed.


Source file was:
#include <stdio.h>
#include <stdlib.h>
int main(int argc, char* argv[]) {
    char* buf;
    size_t size;
    FILE* f;
    f = open_memstream(&buf, &size);
    fclose(f);
    free(buf);
    return 0;
}

